<?xml version="1.0" encoding="UTF-8"?>
<!-- Generated by org.testng.reporters.JUnitReportReporter -->
<testsuite hostname="G09INXNN29009X1" failures="1" tests="2" name="runners.AddToCartRunner" time="44.146" errors="0" timestamp="2024-10-04T17:56:07 IST" skipped="0">
  <testcase classname="runners.AddToCartRunner" name="runScenario" time="24.924">
    <failure message="expected [Sauce Labs Bike Light] but found [Sauce Labs Bike Lights]" type="java.lang.AssertionError">
      <![CDATA[java.lang.AssertionError: expected [Sauce Labs Bike Light] but found [Sauce Labs Bike Lights]
at org.testng.Assert.fail(Assert.java:111)
at org.testng.Assert.failNotEquals(Assert.java:1578)
at org.testng.Assert.assertEqualsImpl(Assert.java:150)
at org.testng.Assert.assertEquals(Assert.java:132)
at org.testng.Assert.assertEquals(Assert.java:656)
at org.testng.Assert.assertEquals(Assert.java:666)
at steps.AddProductToCart.userShouldSeeProductInCart(AddProductToCart.java:55)
at âœ½.the user should see that the product "Sauce Labs Bike Lights" is in the cart(file:///D:/KT%20OECM/OneDrive%20-%20FUJITSU/Documents/Automation_Codes/Smoke%20Test%20Cases%20Automation/cucumberpocs/src/test/resources/featurefiles/addToCart.feature:9)
]]>
    </failure>
  </testcase> <!-- runScenario -->
  <testcase classname="runners.AddToCartRunner" name="runScenario" time="19.222"/>
</testsuite> <!-- runners.AddToCartRunner -->
