<?xml version="1.0" encoding="UTF-8"?>
<testng-results ignored="0" total="5" passed="4" failed="1" skipped="0">
  <reporter-output>
  </reporter-output>
  <suite started-at="2024-10-04T17:55:41 IST" name="Suite" finished-at="2024-10-04T17:56:07 IST" duration-ms="25937">
    <groups>
      <group name="cucumber">
        <method signature="AbstractTestNGCucumberTests.runScenario(io.cucumber.testng.PickleWrapper,io.cucumber.testng.FeatureWrapper)[pri:0, instance:runners.AddToCartRunner@24569dba]" name="runScenario" class="io.cucumber.testng.AbstractTestNGCucumberTests"/>
        <method signature="AbstractTestNGCucumberTests.runScenario(io.cucumber.testng.PickleWrapper,io.cucumber.testng.FeatureWrapper)[pri:0, instance:runners.LoginRunner@6f204a1a]" name="runScenario" class="io.cucumber.testng.AbstractTestNGCucumberTests"/>
        <method signature="AbstractTestNGCucumberTests.runScenario(io.cucumber.testng.PickleWrapper,io.cucumber.testng.FeatureWrapper)[pri:0, instance:runners.Aspen_Runner@5745ca0e]" name="runScenario" class="io.cucumber.testng.AbstractTestNGCucumberTests"/>
      </group> <!-- cucumber -->
    </groups>
    <test started-at="2024-10-04T17:55:41 IST" name="Test2" finished-at="2024-10-04T17:56:02 IST" duration-ms="20873">
      <class name="runners.LoginRunner">
        <test-method is-config="true" signature="setUpClass(org.testng.ITestContext)[pri:0, instance:runners.LoginRunner@6f204a1a]" started-at="2024-10-04T17:55:41 IST" name="setUpClass" finished-at="2024-10-04T17:55:42 IST" duration-ms="878" status="PASS">
          <params>
            <param index="0">
              <value>
                <![CDATA[org.testng.TestRunner@5c86dbc5]]>
              </value>
            </param>
          </params>
          <reporter-output>
          </reporter-output>
        </test-method> <!-- setUpClass -->
        <test-method signature="runScenario(io.cucumber.testng.PickleWrapper,io.cucumber.testng.FeatureWrapper)[pri:0, instance:runners.LoginRunner@6f204a1a]" started-at="2024-10-04T17:55:42 IST" name="runScenario" description="Runs Cucumber Scenarios" data-provider="scenarios" finished-at="2024-10-04T17:56:01 IST" duration-ms="19377" status="PASS">
          <params>
            <param index="0">
              <value>
                <![CDATA["user login with different passwords"]]>
              </value>
            </param>
            <param index="1">
              <value>
                <![CDATA["Website login"]]>
              </value>
            </param>
          </params>
          <reporter-output>
          </reporter-output>
        </test-method> <!-- runScenario -->
        <test-method signature="runScenario(io.cucumber.testng.PickleWrapper,io.cucumber.testng.FeatureWrapper)[pri:0, instance:runners.LoginRunner@6f204a1a]" started-at="2024-10-04T17:55:42 IST" name="runScenario" description="Runs Cucumber Scenarios" data-provider="scenarios" finished-at="2024-10-04T17:56:00 IST" duration-ms="18591" status="PASS">
          <params>
            <param index="0">
              <value>
                <![CDATA["user login with different passwords"]]>
              </value>
            </param>
            <param index="1">
              <value>
                <![CDATA["Website login"]]>
              </value>
            </param>
          </params>
          <reporter-output>
          </reporter-output>
        </test-method> <!-- runScenario -->
        <test-method is-config="true" signature="tearDownClass()[pri:0, instance:runners.LoginRunner@6f204a1a]" started-at="2024-10-04T17:56:01 IST" name="tearDownClass" finished-at="2024-10-04T17:56:02 IST" duration-ms="572" status="PASS">
          <reporter-output>
          </reporter-output>
        </test-method> <!-- tearDownClass -->
      </class> <!-- runners.LoginRunner -->
    </test> <!-- Test2 -->
    <test started-at="2024-10-04T17:55:41 IST" name="Test3" finished-at="2024-10-04T17:56:02 IST" duration-ms="20873">
      <class name="runners.Aspen_Runner">
        <test-method is-config="true" signature="setUpClass(org.testng.ITestContext)[pri:0, instance:runners.Aspen_Runner@5745ca0e]" started-at="2024-10-04T17:55:41 IST" name="setUpClass" finished-at="2024-10-04T17:55:42 IST" duration-ms="877" status="PASS">
          <params>
            <param index="0">
              <value>
                <![CDATA[org.testng.TestRunner@461ad730]]>
              </value>
            </param>
          </params>
          <reporter-output>
          </reporter-output>
        </test-method> <!-- setUpClass -->
        <test-method signature="runScenario(io.cucumber.testng.PickleWrapper,io.cucumber.testng.FeatureWrapper)[pri:0, instance:runners.Aspen_Runner@5745ca0e]" started-at="2024-10-04T17:55:42 IST" name="runScenario" description="Runs Cucumber Scenarios" data-provider="scenarios" finished-at="2024-10-04T17:56:01 IST" duration-ms="19082" status="PASS">
          <params>
            <param index="0">
              <value>
                <![CDATA["Verify Board infomations are correct"]]>
              </value>
            </param>
            <param index="1">
              <value>
                <![CDATA["Verify Board address,phone,fax etc."]]>
              </value>
            </param>
          </params>
          <reporter-output>
          </reporter-output>
        </test-method> <!-- runScenario -->
        <test-method is-config="true" signature="tearDownClass()[pri:0, instance:runners.Aspen_Runner@5745ca0e]" started-at="2024-10-04T17:56:01 IST" name="tearDownClass" finished-at="2024-10-04T17:56:02 IST" duration-ms="866" status="PASS">
          <reporter-output>
          </reporter-output>
        </test-method> <!-- tearDownClass -->
      </class> <!-- runners.Aspen_Runner -->
    </test> <!-- Test3 -->
    <test started-at="2024-10-04T17:55:41 IST" name="Test1" finished-at="2024-10-04T17:56:07 IST" duration-ms="25937">
      <class name="runners.AddToCartRunner">
        <test-method is-config="true" signature="setUpClass(org.testng.ITestContext)[pri:0, instance:runners.AddToCartRunner@24569dba]" started-at="2024-10-04T17:55:41 IST" name="setUpClass" finished-at="2024-10-04T17:55:42 IST" duration-ms="883" status="PASS">
          <params>
            <param index="0">
              <value>
                <![CDATA[org.testng.TestRunner@10289886]]>
              </value>
            </param>
          </params>
          <reporter-output>
          </reporter-output>
        </test-method> <!-- setUpClass -->
        <test-method signature="runScenario(io.cucumber.testng.PickleWrapper,io.cucumber.testng.FeatureWrapper)[pri:0, instance:runners.AddToCartRunner@24569dba]" started-at="2024-10-04T17:55:42 IST" name="runScenario" description="Runs Cucumber Scenarios" data-provider="scenarios" finished-at="2024-10-04T17:56:01 IST" duration-ms="19222" status="PASS">
          <params>
            <param index="0">
              <value>
                <![CDATA["Verify Cart Item"]]>
              </value>
            </param>
            <param index="1">
              <value>
                <![CDATA["Cart verification"]]>
              </value>
            </param>
          </params>
          <reporter-output>
          </reporter-output>
        </test-method> <!-- runScenario -->
        <test-method signature="runScenario(io.cucumber.testng.PickleWrapper,io.cucumber.testng.FeatureWrapper)[pri:0, instance:runners.AddToCartRunner@24569dba]" started-at="2024-10-04T17:55:42 IST" name="runScenario" description="Runs Cucumber Scenarios" data-provider="scenarios" finished-at="2024-10-04T17:56:07 IST" duration-ms="24924" status="FAIL">
          <params>
            <param index="0">
              <value>
                <![CDATA["Verify the Same Product is Added to the Cart"]]>
              </value>
            </param>
            <param index="1">
              <value>
                <![CDATA["Add Product to Cart"]]>
              </value>
            </param>
          </params>
          <exception class="java.lang.AssertionError">
            <message>
              <![CDATA[expected [Sauce Labs Bike Light] but found [Sauce Labs Bike Lights]]]>
            </message>
            <full-stacktrace>
              <![CDATA[java.lang.AssertionError: expected [Sauce Labs Bike Light] but found [Sauce Labs Bike Lights]
at org.testng.Assert.fail(Assert.java:111)
at org.testng.Assert.failNotEquals(Assert.java:1578)
at org.testng.Assert.assertEqualsImpl(Assert.java:150)
at org.testng.Assert.assertEquals(Assert.java:132)
at org.testng.Assert.assertEquals(Assert.java:656)
at org.testng.Assert.assertEquals(Assert.java:666)
at steps.AddProductToCart.userShouldSeeProductInCart(AddProductToCart.java:55)
at âœ½.the user should see that the product "Sauce Labs Bike Lights" is in the cart(file:///D:/KT%20OECM/OneDrive%20-%20FUJITSU/Documents/Automation_Codes/Smoke%20Test%20Cases%20Automation/cucumberpocs/src/test/resources/featurefiles/addToCart.feature:9)
]]>
            </full-stacktrace>
          </exception> <!-- java.lang.AssertionError -->
          <reporter-output>
          </reporter-output>
        </test-method> <!-- runScenario -->
        <test-method is-config="true" signature="tearDownClass()[pri:0, instance:runners.AddToCartRunner@24569dba]" started-at="2024-10-04T17:56:07 IST" name="tearDownClass" finished-at="2024-10-04T17:56:07 IST" duration-ms="92" status="PASS">
          <reporter-output>
          </reporter-output>
        </test-method> <!-- tearDownClass -->
      </class> <!-- runners.AddToCartRunner -->
    </test> <!-- Test1 -->
  </suite> <!-- Suite -->
</testng-results>
